<?xml version="1.0" encoding="UTF-8" standalone="no"?>
<!DOCTYPE log SYSTEM "logger.dtd">
<log>
<record>
  <date>2018-06-27T11:23:34</date>
  <millis>1530087814863</millis>
  <sequence>6</sequence>
  <logger>LookupDataLoader</logger>
  <level>INFO</level>
  <class>lookup.LookupDataLoader</class>
  <method>readDownloadedCsv</method>
  <thread>1</thread>
  <message> firstName Dennis lastName :: Dustin unit :: Accounting course :: Bcom gender :: Male age :: 18 grade :: 8
</message>
</record>
<record>
  <date>2018-06-27T11:23:34</date>
  <millis>1530087814864</millis>
  <sequence>7</sequence>
  <logger>LookupDataLoader</logger>
  <level>INFO</level>
  <class>lookup.LookupDataLoader</class>
  <method>readDownloadedCsv</method>
  <thread>1</thread>
  <message> firstName Gavin lastName :: Cruz unit :: Accounting course :: Bcom gender :: Female age :: 30 grade :: 8
</message>
</record>
<record>
  <date>2018-06-27T11:23:34</date>
  <millis>1530087814864</millis>
  <sequence>8</sequence>
  <logger>LookupDataLoader</logger>
  <level>INFO</level>
  <class>lookup.LookupDataLoader</class>
  <method>readDownloadedCsv</method>
  <thread>1</thread>
  <message> firstName Fleur lastName :: Thomas unit :: Calculus course :: Acturial gender :: Male age :: 19 grade :: 9
</message>
</record>
<record>
  <date>2018-06-27T11:23:34</date>
  <millis>1530087814865</millis>
  <sequence>9</sequence>
  <logger>LookupDataLoader</logger>
  <level>INFO</level>
  <class>lookup.LookupDataLoader</class>
  <method>readDownloadedCsv</method>
  <thread>1</thread>
  <message> firstName Kane lastName :: Seth unit :: Calculus course :: BBIT gender :: Other age :: 20 grade :: 6
</message>
</record>
<record>
  <date>2018-06-27T11:23:34</date>
  <millis>1530087814865</millis>
  <sequence>10</sequence>
  <logger>LookupDataLoader</logger>
  <level>INFO</level>
  <class>lookup.LookupDataLoader</class>
  <method>readDownloadedCsv</method>
  <thread>1</thread>
  <message> firstName Olympia lastName :: Barrett unit :: Calculus course :: Acturial gender :: Female age :: 20 grade :: 3
</message>
</record>
<record>
  <date>2018-06-27T11:23:34</date>
  <millis>1530087814866</millis>
  <sequence>11</sequence>
  <logger>LookupDataLoader</logger>
  <level>INFO</level>
  <class>lookup.LookupDataLoader</class>
  <method>readDownloadedCsv</method>
  <thread>1</thread>
  <message> firstName Geraldine lastName :: Honorato unit :: Calculus course :: Bcom gender :: Male age :: 21 grade :: 7
</message>
</record>
<record>
  <date>2018-06-27T11:23:34</date>
  <millis>1530087814866</millis>
  <sequence>12</sequence>
  <logger>LookupDataLoader</logger>
  <level>INFO</level>
  <class>lookup.LookupDataLoader</class>
  <method>readDownloadedCsv</method>
  <thread>1</thread>
  <message> firstName Jesse lastName :: Stuart unit :: Calculus course :: Computer Science gender :: Male age :: 22 grade :: 3
</message>
</record>
<record>
  <date>2018-06-27T11:23:34</date>
  <millis>1530087814867</millis>
  <sequence>13</sequence>
  <logger>LookupDataLoader</logger>
  <level>INFO</level>
  <class>lookup.LookupDataLoader</class>
  <method>readDownloadedCsv</method>
  <thread>1</thread>
  <message> firstName Knox lastName :: Mark unit :: Calculus course :: Computer Science gender :: Male age :: 24 grade :: 4
</message>
</record>
<record>
  <date>2018-06-27T11:23:34</date>
  <millis>1530087814867</millis>
  <sequence>14</sequence>
  <logger>LookupDataLoader</logger>
  <level>INFO</level>
  <class>lookup.LookupDataLoader</class>
  <method>readDownloadedCsv</method>
  <thread>1</thread>
  <message> firstName Mannix lastName :: Christopher unit :: Calculus course :: Computer Science gender :: Male age :: 26 grade :: 8
</message>
</record>
<record>
  <date>2018-06-27T11:23:34</date>
  <millis>1530087814868</millis>
  <sequence>15</sequence>
  <logger>LookupDataLoader</logger>
  <level>INFO</level>
  <class>lookup.LookupDataLoader</class>
  <method>readDownloadedCsv</method>
  <thread>1</thread>
  <message> firstName Hayley lastName :: Mannix unit :: Calculus course :: Bcom gender :: Male age :: 29 grade :: 10
</message>
</record>
<record>
  <date>2018-06-27T11:23:34</date>
  <millis>1530087814869</millis>
  <sequence>16</sequence>
  <logger>LookupDataLoader</logger>
  <level>INFO</level>
  <class>lookup.LookupDataLoader</class>
  <method>readDownloadedCsv</method>
  <thread>1</thread>
  <message> firstName Darryl lastName :: Marshall unit :: Communication course :: BBIT gender :: Male age :: 18 grade :: 8
</message>
</record>
<record>
  <date>2018-06-27T11:23:34</date>
  <millis>1530087814870</millis>
  <sequence>17</sequence>
  <logger>LookupDataLoader</logger>
  <level>INFO</level>
  <class>lookup.LookupDataLoader</class>
  <method>readDownloadedCsv</method>
  <thread>1</thread>
  <message> firstName Naomi lastName :: Stewart unit :: Communication course :: Computer Science gender :: Female age :: 18 grade :: 2
</message>
</record>
<record>
  <date>2018-06-27T11:23:34</date>
  <millis>1530087814871</millis>
  <sequence>18</sequence>
  <logger>LookupDataLoader</logger>
  <level>INFO</level>
  <class>lookup.LookupDataLoader</class>
  <method>readDownloadedCsv</method>
  <thread>1</thread>
  <message> firstName Charity lastName :: Wade unit :: Communication course :: Acturial gender :: Male age :: 22 grade :: 12
</message>
</record>
<record>
  <date>2018-06-27T11:23:34</date>
  <millis>1530087814871</millis>
  <sequence>19</sequence>
  <logger>LookupDataLoader</logger>
  <level>INFO</level>
  <class>lookup.LookupDataLoader</class>
  <method>readDownloadedCsv</method>
  <thread>1</thread>
  <message> firstName Tallulah lastName :: Avram unit :: Communication course :: Acturial gender :: Other age :: 22 grade :: 8
</message>
</record>
<record>
  <date>2018-06-27T11:23:34</date>
  <millis>1530087814872</millis>
  <sequence>20</sequence>
  <logger>LookupDataLoader</logger>
  <level>INFO</level>
  <class>lookup.LookupDataLoader</class>
  <method>readDownloadedCsv</method>
  <thread>1</thread>
  <message> firstName Bell lastName :: Oscar unit :: Communication course :: Computer Science gender :: Male age :: 24 grade :: 10
</message>
</record>
<record>
  <date>2018-06-27T11:23:34</date>
  <millis>1530087814873</millis>
  <sequence>21</sequence>
  <logger>LookupDataLoader</logger>
  <level>INFO</level>
  <class>lookup.LookupDataLoader</class>
  <method>readDownloadedCsv</method>
  <thread>1</thread>
  <message> firstName Jennifer lastName :: Derek unit :: Communication course :: Bcom gender :: Other age :: 26 grade :: 12
</message>
</record>
<record>
  <date>2018-06-27T11:23:34</date>
  <millis>1530087814873</millis>
  <sequence>22</sequence>
  <logger>LookupDataLoader</logger>
  <level>INFO</level>
  <class>lookup.LookupDataLoader</class>
  <method>readDownloadedCsv</method>
  <thread>1</thread>
  <message> firstName Whilemina lastName :: Leo unit :: Communication course :: BBIT gender :: Female age :: 28 grade :: 9
</message>
</record>
<record>
  <date>2018-06-27T11:23:34</date>
  <millis>1530087814874</millis>
  <sequence>23</sequence>
  <logger>LookupDataLoader</logger>
  <level>INFO</level>
  <class>lookup.LookupDataLoader</class>
  <method>readDownloadedCsv</method>
  <thread>1</thread>
  <message> firstName Nyssa lastName :: Jasper unit :: Communication course :: Computer Science gender :: Female age :: 29 grade :: 12
</message>
</record>
<record>
  <date>2018-06-27T11:23:34</date>
  <millis>1530087814874</millis>
  <sequence>24</sequence>
  <logger>LookupDataLoader</logger>
  <level>INFO</level>
  <class>lookup.LookupDataLoader</class>
  <method>readDownloadedCsv</method>
  <thread>1</thread>
  <message> firstName Castor lastName :: Gavin unit :: Communication course :: Acturial gender :: Male age :: 30 grade :: 1
</message>
</record>
<record>
  <date>2018-06-27T11:23:34</date>
  <millis>1530087814874</millis>
  <sequence>25</sequence>
  <logger>LookupDataLoader</logger>
  <level>INFO</level>
  <class>lookup.LookupDataLoader</class>
  <method>readDownloadedCsv</method>
  <thread>1</thread>
  <message> firstName Hanae lastName :: Francis unit :: Communication course :: Computer Science gender :: Male age :: 30 grade :: 9
</message>
</record>
<record>
  <date>2018-06-27T11:23:34</date>
  <millis>1530087814875</millis>
  <sequence>26</sequence>
  <logger>LookupDataLoader</logger>
  <level>INFO</level>
  <class>lookup.LookupDataLoader</class>
  <method>readDownloadedCsv</method>
  <thread>1</thread>
  <message> firstName Rahim lastName :: Jordan unit :: English course :: BBIT gender :: Other age :: 25 grade :: 1
</message>
</record>
<record>
  <date>2018-06-27T11:23:34</date>
  <millis>1530087814876</millis>
  <sequence>27</sequence>
  <logger>LookupDataLoader</logger>
  <level>INFO</level>
  <class>lookup.LookupDataLoader</class>
  <method>readDownloadedCsv</method>
  <thread>1</thread>
  <message> firstName Fleur lastName :: Thomas unit :: English course :: BBIT gender :: Female age :: 27 grade :: 12
</message>
</record>
<record>
  <date>2018-06-27T11:23:34</date>
  <millis>1530087814876</millis>
  <sequence>28</sequence>
  <logger>LookupDataLoader</logger>
  <level>INFO</level>
  <class>lookup.LookupDataLoader</class>
  <method>readDownloadedCsv</method>
  <thread>1</thread>
  <message> firstName Chloe lastName :: Dalton unit :: Enterpreneurship course :: BBIT gender :: Other age :: 29 grade :: 3
</message>
</record>
<record>
  <date>2018-06-27T11:23:34</date>
  <millis>1530087814876</millis>
  <sequence>29</sequence>
  <logger>LookupDataLoader</logger>
  <level>INFO</level>
  <class>lookup.LookupDataLoader</class>
  <method>readDownloadedCsv</method>
  <thread>1</thread>
  <message> firstName Lucius lastName :: Hiram unit :: Enterpreneurship course :: BBIT gender :: Female age :: 30 grade :: 2
</message>
</record>
<record>
  <date>2018-06-27T11:23:34</date>
  <millis>1530087814877</millis>
  <sequence>30</sequence>
  <logger>LookupDataLoader</logger>
  <level>INFO</level>
  <class>lookup.LookupDataLoader</class>
  <method>readDownloadedCsv</method>
  <thread>1</thread>
  <message> firstName Olga lastName :: Raphael unit :: HIV course :: Computer Science gender :: Other age :: 19 grade :: 7
</message>
</record>
<record>
  <date>2018-06-27T11:23:34</date>
  <millis>1530087814877</millis>
  <sequence>31</sequence>
  <logger>LookupDataLoader</logger>
  <level>INFO</level>
  <class>lookup.LookupDataLoader</class>
  <method>readDownloadedCsv</method>
  <thread>1</thread>
  <message> firstName Olympia lastName :: Barrett unit :: HIV course :: Computer Science gender :: Male age :: 19 grade :: 5
</message>
</record>
<record>
  <date>2018-06-27T11:23:34</date>
  <millis>1530087814878</millis>
  <sequence>32</sequence>
  <logger>LookupDataLoader</logger>
  <level>INFO</level>
  <class>lookup.LookupDataLoader</class>
  <method>readDownloadedCsv</method>
  <thread>1</thread>
  <message> firstName Stuart lastName :: Dennis unit :: HIV course :: Acturial gender :: Other age :: 19 grade :: 2
</message>
</record>
<record>
  <date>2018-06-27T11:23:34</date>
  <millis>1530087814878</millis>
  <sequence>33</sequence>
  <logger>LookupDataLoader</logger>
  <level>INFO</level>
  <class>lookup.LookupDataLoader</class>
  <method>readDownloadedCsv</method>
  <thread>1</thread>
  <message> firstName Stuart lastName :: Dennis unit :: HIV course :: BBIT gender :: Male age :: 19 grade :: 9
</message>
</record>
<record>
  <date>2018-06-27T11:23:34</date>
  <millis>1530087814878</millis>
  <sequence>34</sequence>
  <logger>LookupDataLoader</logger>
  <level>INFO</level>
  <class>lookup.LookupDataLoader</class>
  <method>readDownloadedCsv</method>
  <thread>1</thread>
  <message> firstName Jescie lastName :: Scott unit :: HIV course :: Bcom gender :: Other age :: 22 grade :: 1
</message>
</record>
<record>
  <date>2018-06-27T11:23:34</date>
  <millis>1530087814878</millis>
  <sequence>35</sequence>
  <logger>LookupDataLoader</logger>
  <level>INFO</level>
  <class>lookup.LookupDataLoader</class>
  <method>readDownloadedCsv</method>
  <thread>1</thread>
  <message> firstName Shannon lastName :: Victor unit :: HIV course :: Computer Science gender :: Other age :: 24 grade :: 6
</message>
</record>
<record>
  <date>2018-06-27T11:23:34</date>
  <millis>1530087814879</millis>
  <sequence>36</sequence>
  <logger>LookupDataLoader</logger>
  <level>INFO</level>
  <class>lookup.LookupDataLoader</class>
  <method>readDownloadedCsv</method>
  <thread>1</thread>
  <message> firstName Bernard lastName :: Tanek unit :: HIV course :: Acturial gender :: Male age :: 25 grade :: 9
</message>
</record>
<record>
  <date>2018-06-27T11:23:34</date>
  <millis>1530087814879</millis>
  <sequence>37</sequence>
  <logger>LookupDataLoader</logger>
  <level>INFO</level>
  <class>lookup.LookupDataLoader</class>
  <method>readDownloadedCsv</method>
  <thread>1</thread>
  <message> firstName Darryl lastName :: Marshall unit :: HIV course :: Acturial gender :: Female age :: 27 grade :: 2
</message>
</record>
<record>
  <date>2018-06-27T11:23:34</date>
  <millis>1530087814879</millis>
  <sequence>38</sequence>
  <logger>LookupDataLoader</logger>
  <level>INFO</level>
  <class>lookup.LookupDataLoader</class>
  <method>readDownloadedCsv</method>
  <thread>1</thread>
  <message> firstName Clarke lastName :: Chancellor unit :: HIV course :: Computer Science gender :: Female age :: 28 grade :: 3
</message>
</record>
<record>
  <date>2018-06-27T11:23:34</date>
  <millis>1530087814880</millis>
  <sequence>39</sequence>
  <logger>LookupDataLoader</logger>
  <level>INFO</level>
  <class>lookup.LookupDataLoader</class>
  <method>readDownloadedCsv</method>
  <thread>1</thread>
  <message> firstName Sawyer lastName :: Yardley unit :: HIV course :: BBIT gender :: Male age :: 28 grade :: 3
</message>
</record>
<record>
  <date>2018-06-27T11:23:34</date>
  <millis>1530087814880</millis>
  <sequence>40</sequence>
  <logger>LookupDataLoader</logger>
  <level>INFO</level>
  <class>lookup.LookupDataLoader</class>
  <method>readDownloadedCsv</method>
  <thread>1</thread>
  <message> firstName Sawyer lastName :: Yardley unit :: Intro to Computers course :: Bcom gender :: Female age :: 22 grade :: 2
</message>
</record>
<record>
  <date>2018-06-27T11:23:34</date>
  <millis>1530087814880</millis>
  <sequence>41</sequence>
  <logger>LookupDataLoader</logger>
  <level>INFO</level>
  <class>lookup.LookupDataLoader</class>
  <method>readDownloadedCsv</method>
  <thread>1</thread>
  <message> firstName Tallulah lastName :: Avram unit :: Intro to Computers course :: BBIT gender :: Female age :: 24 grade :: 7
</message>
</record>
<record>
  <date>2018-06-27T11:23:34</date>
  <millis>1530087814881</millis>
  <sequence>42</sequence>
  <logger>LookupDataLoader</logger>
  <level>INFO</level>
  <class>lookup.LookupDataLoader</class>
  <method>readDownloadedCsv</method>
  <thread>1</thread>
  <message> firstName Chloe lastName :: Dalton unit :: Intro to Computers course :: Acturial gender :: Other age :: 26 grade :: 3
</message>
</record>
<record>
  <date>2018-06-27T11:23:34</date>
  <millis>1530087814882</millis>
  <sequence>43</sequence>
  <logger>LookupDataLoader</logger>
  <level>INFO</level>
  <class>lookup.LookupDataLoader</class>
  <method>readDownloadedCsv</method>
  <thread>1</thread>
  <message> firstName Clarke lastName :: Chancellor unit :: Intro to Computers course :: Acturial gender :: Female age :: 26 grade :: 3
</message>
</record>
<record>
  <date>2018-06-27T11:23:34</date>
  <millis>1530087814882</millis>
  <sequence>44</sequence>
  <logger>LookupDataLoader</logger>
  <level>INFO</level>
  <class>lookup.LookupDataLoader</class>
  <method>readDownloadedCsv</method>
  <thread>1</thread>
  <message> firstName Olympia lastName :: Barrett unit :: Intro to Computers course :: Bcom gender :: Female age :: 27 grade :: 5
</message>
</record>
<record>
  <date>2018-06-27T11:23:34</date>
  <millis>1530087814883</millis>
  <sequence>45</sequence>
  <logger>LookupDataLoader</logger>
  <level>INFO</level>
  <class>lookup.LookupDataLoader</class>
  <method>readDownloadedCsv</method>
  <thread>1</thread>
  <message> firstName Sawyer lastName :: Yardley unit :: Intro to Computers course :: Computer Science gender :: Female age :: 27 grade :: 5
</message>
</record>
<record>
  <date>2018-06-27T11:23:34</date>
  <millis>1530087814883</millis>
  <sequence>46</sequence>
  <logger>LookupDataLoader</logger>
  <level>INFO</level>
  <class>lookup.LookupDataLoader</class>
  <method>readDownloadedCsv</method>
  <thread>1</thread>
  <message> firstName Sawyer lastName :: Yardley unit :: Intro to Computers course :: Computer Science gender :: Female age :: 30 grade :: 3
</message>
</record>
<record>
  <date>2018-06-27T11:23:34</date>
  <millis>1530087814884</millis>
  <sequence>47</sequence>
  <logger>LookupDataLoader</logger>
  <level>INFO</level>
  <class>lookup.LookupDataLoader</class>
  <method>readDownloadedCsv</method>
  <thread>1</thread>
  <message> firstName Whilemina lastName :: Leo unit :: Intro to Computers course :: Acturial gender :: Male age :: 30 grade :: 1
</message>
</record>
<record>
  <date>2018-06-27T11:23:34</date>
  <millis>1530087814884</millis>
  <sequence>48</sequence>
  <logger>LookupDataLoader</logger>
  <level>INFO</level>
  <class>lookup.LookupDataLoader</class>
  <method>readDownloadedCsv</method>
  <thread>1</thread>
  <message> firstName Chloe lastName :: Dalton unit :: Math101 course :: BBIT gender :: Other age :: 18 grade :: 12
</message>
</record>
<record>
  <date>2018-06-27T11:23:34</date>
  <millis>1530087814884</millis>
  <sequence>49</sequence>
  <logger>LookupDataLoader</logger>
  <level>INFO</level>
  <class>lookup.LookupDataLoader</class>
  <method>readDownloadedCsv</method>
  <thread>1</thread>
  <message> firstName Chloe lastName :: Dalton unit :: Math101 course :: Bcom gender :: Female age :: 18 grade :: 7
</message>
</record>
<record>
  <date>2018-06-27T11:23:34</date>
  <millis>1530087814885</millis>
  <sequence>50</sequence>
  <logger>LookupDataLoader</logger>
  <level>INFO</level>
  <class>lookup.LookupDataLoader</class>
  <method>readDownloadedCsv</method>
  <thread>1</thread>
  <message> firstName Tallulah lastName :: Avram unit :: Math101 course :: Computer Science gender :: Other age :: 20 grade :: 6
</message>
</record>
<record>
  <date>2018-06-27T11:23:34</date>
  <millis>1530087814885</millis>
  <sequence>51</sequence>
  <logger>LookupDataLoader</logger>
  <level>INFO</level>
  <class>lookup.LookupDataLoader</class>
  <method>readDownloadedCsv</method>
  <thread>1</thread>
  <message> firstName Tallulah lastName :: Avram unit :: Math101 course :: Bcom gender :: Female age :: 22 grade :: 3
</message>
</record>
<record>
  <date>2018-06-27T11:23:34</date>
  <millis>1530087814886</millis>
  <sequence>52</sequence>
  <logger>LookupDataLoader</logger>
  <level>INFO</level>
  <class>lookup.LookupDataLoader</class>
  <method>readDownloadedCsv</method>
  <thread>1</thread>
  <message> firstName Chloe lastName :: Dalton unit :: Math101 course :: Acturial gender :: Female age :: 26 grade :: 3
</message>
</record>
<record>
  <date>2018-06-27T11:23:34</date>
  <millis>1530087814886</millis>
  <sequence>53</sequence>
  <logger>LookupDataLoader</logger>
  <level>INFO</level>
  <class>lookup.LookupDataLoader</class>
  <method>readDownloadedCsv</method>
  <thread>1</thread>
  <message> firstName Olympia lastName :: Barrett unit :: Math101 course :: Acturial gender :: Other age :: 28 grade :: 3
</message>
</record>
<record>
  <date>2018-06-27T11:23:34</date>
  <millis>1530087814886</millis>
  <sequence>54</sequence>
  <logger>LookupDataLoader</logger>
  <level>INFO</level>
  <class>lookup.LookupDataLoader</class>
  <method>readDownloadedCsv</method>
  <thread>1</thread>
  <message> firstName Chloe lastName :: Dalton unit :: Math101 course :: Computer Science gender :: Female age :: 29 grade :: 5
</message>
</record>
<record>
  <date>2018-06-27T11:23:34</date>
  <millis>1530087814887</millis>
  <sequence>55</sequence>
  <logger>LookupDataLoader</logger>
  <level>INFO</level>
  <class>lookup.LookupDataLoader</class>
  <method>readDownloadedCsv</method>
  <thread>1</thread>
  <message> firstName Carly lastName :: Zeph unit :: Math102 course :: Acturial gender :: Male age :: 26 grade :: 5
</message>
</record>
<record>
  <date>2018-06-27T11:23:34</date>
  <millis>1530087814887</millis>
  <sequence>56</sequence>
  <logger>LookupDataLoader</logger>
  <level>INFO</level>
  <class>lookup.LookupDataLoader</class>
  <method>readDownloadedCsv</method>
  <thread>1</thread>
  <message> firstName Stuart lastName :: Dennis unit :: Math202 course :: Bcom gender :: Other age :: 20 grade :: 9
</message>
</record>
<record>
  <date>2018-06-27T11:23:34</date>
  <millis>1530087814887</millis>
  <sequence>57</sequence>
  <logger>LookupDataLoader</logger>
  <level>INFO</level>
  <class>lookup.LookupDataLoader</class>
  <method>readDownloadedCsv</method>
  <thread>1</thread>
  <message> firstName Whilemina lastName :: Leo unit :: Math202 course :: Bcom gender :: Male age :: 20 grade :: 3
</message>
</record>
<record>
  <date>2018-06-27T11:23:34</date>
  <millis>1530087814888</millis>
  <sequence>58</sequence>
  <logger>LookupDataLoader</logger>
  <level>INFO</level>
  <class>lookup.LookupDataLoader</class>
  <method>readDownloadedCsv</method>
  <thread>1</thread>
  <message> firstName Darryl lastName :: Marshall unit :: Math202 course :: Bcom gender :: Other age :: 28 grade :: 12
</message>
</record>
<record>
  <date>2018-06-27T11:23:34</date>
  <millis>1530087814888</millis>
  <sequence>59</sequence>
  <logger>LookupDataLoader</logger>
  <level>INFO</level>
  <class>lookup.LookupDataLoader</class>
  <method>readDownloadedCsv</method>
  <thread>1</thread>
  <message> firstName Sawyer lastName :: Yardley unit :: Math303 course :: Acturial gender :: Male age :: 19 grade :: 2
</message>
</record>
<record>
  <date>2018-06-27T11:23:34</date>
  <millis>1530087814888</millis>
  <sequence>60</sequence>
  <logger>LookupDataLoader</logger>
  <level>INFO</level>
  <class>lookup.LookupDataLoader</class>
  <method>readDownloadedCsv</method>
  <thread>1</thread>
  <message> firstName Darryl lastName :: Marshall unit :: Math303 course :: Acturial gender :: Male age :: 27 grade :: 9
</message>
</record>
<record>
  <date>2018-06-27T11:23:34</date>
  <millis>1530087814889</millis>
  <sequence>61</sequence>
  <logger>LookupDataLoader</logger>
  <level>INFO</level>
  <class>lookup.LookupDataLoader</class>
  <method>readDownloadedCsv</method>
  <thread>1</thread>
  <message> firstName Kane lastName :: Seth unit :: Math304 course :: Acturial gender :: Other age :: 21 grade :: 6
</message>
</record>
<record>
  <date>2018-06-27T11:23:34</date>
  <millis>1530087814889</millis>
  <sequence>62</sequence>
  <logger>LookupDataLoader</logger>
  <level>INFO</level>
  <class>lookup.LookupDataLoader</class>
  <method>readDownloadedCsv</method>
  <thread>1</thread>
  <message> firstName Darryl lastName :: Marshall unit :: Networking course :: BBIT gender :: Male age :: 21 grade :: 4
</message>
</record>
<record>
  <date>2018-06-27T11:23:34</date>
  <millis>1530087814889</millis>
  <sequence>63</sequence>
  <logger>LookupDataLoader</logger>
  <level>INFO</level>
  <class>lookup.LookupDataLoader</class>
  <method>readDownloadedCsv</method>
  <thread>1</thread>
  <message> firstName Stuart lastName :: Dennis unit :: Networking course :: BBIT gender :: Female age :: 27 grade :: 12
</message>
</record>
<record>
  <date>2018-06-27T11:23:34</date>
  <millis>1530087814890</millis>
  <sequence>64</sequence>
  <logger>LookupDataLoader</logger>
  <level>INFO</level>
  <class>lookup.LookupDataLoader</class>
  <method>readDownloadedCsv</method>
  <thread>1</thread>
  <message> firstName Olympia lastName :: Barrett unit :: OS course :: BBIT gender :: Male age :: 21 grade :: 6
</message>
</record>
<record>
  <date>2018-06-27T11:23:34</date>
  <millis>1530087814890</millis>
  <sequence>65</sequence>
  <logger>LookupDataLoader</logger>
  <level>INFO</level>
  <class>lookup.LookupDataLoader</class>
  <method>readDownloadedCsv</method>
  <thread>1</thread>
  <message> firstName Whilemina lastName :: Leo unit :: OS course :: BBIT gender :: Female age :: 22 grade :: 12
</message>
</record>
<record>
  <date>2018-06-27T11:23:34</date>
  <millis>1530087814890</millis>
  <sequence>66</sequence>
  <logger>LookupDataLoader</logger>
  <level>INFO</level>
  <class>lookup.LookupDataLoader</class>
  <method>readDownloadedCsv</method>
  <thread>1</thread>
  <message> firstName Abraham lastName :: Abbot unit :: Probability &amp; Statistics course :: Acturial gender :: Female age :: 21 grade :: 1
</message>
</record>
<record>
  <date>2018-06-27T11:23:34</date>
  <millis>1530087814891</millis>
  <sequence>67</sequence>
  <logger>LookupDataLoader</logger>
  <level>INFO</level>
  <class>lookup.LookupDataLoader</class>
  <method>readDownloadedCsv</method>
  <thread>1</thread>
  <message> firstName Darryl lastName :: Marshall unit :: Probability &amp; Statistics course :: Computer Science gender :: Female age :: 23 grade :: 1
</message>
</record>
<record>
  <date>2018-06-27T11:23:34</date>
  <millis>1530087814891</millis>
  <sequence>68</sequence>
  <logger>LookupDataLoader</logger>
  <level>INFO</level>
  <class>lookup.LookupDataLoader</class>
  <method>readDownloadedCsv</method>
  <thread>1</thread>
  <message> firstName Stuart lastName :: Dennis unit :: Probability &amp; Statistics course :: Computer Science gender :: Female age :: 27 grade :: 8
</message>
</record>
<record>
  <date>2018-06-27T11:23:34</date>
  <millis>1530087814892</millis>
  <sequence>69</sequence>
  <logger>LookupDataLoader</logger>
  <level>INFO</level>
  <class>lookup.LookupDataLoader</class>
  <method>readDownloadedCsv</method>
  <thread>1</thread>
  <message> firstName Whilemina lastName :: Leo unit :: Probability &amp; Statistics course :: Computer Science gender :: Other age :: 27 grade :: 3
</message>
</record>
<record>
  <date>2018-06-27T11:23:34</date>
  <millis>1530087814892</millis>
  <sequence>70</sequence>
  <logger>LookupDataLoader</logger>
  <level>INFO</level>
  <class>lookup.LookupDataLoader</class>
  <method>readDownloadedCsv</method>
  <thread>1</thread>
  <message> firstName Tallulah lastName :: Avram unit :: Probability &amp; Statistics course :: Acturial gender :: Male age :: 28 grade :: 3
</message>
</record>
<record>
  <date>2018-06-27T11:23:34</date>
  <millis>1530087814892</millis>
  <sequence>71</sequence>
  <logger>LookupDataLoader</logger>
  <level>INFO</level>
  <class>lookup.LookupDataLoader</class>
  <method>readDownloadedCsv</method>
  <thread>1</thread>
  <message> firstName Olga lastName :: Raphael unit :: Probability &amp; Statistics course :: Acturial gender :: Male age :: 30 grade :: 8
</message>
</record>
<record>
  <date>2018-06-27T11:23:34</date>
  <millis>1530087814893</millis>
  <sequence>72</sequence>
  <logger>LookupDataLoader</logger>
  <level>INFO</level>
  <class>lookup.LookupDataLoader</class>
  <method>readDownloadedCsv</method>
  <thread>1</thread>
  <message> firstName Sawyer lastName :: Yardley unit :: Probability &amp; Statistics course :: Acturial gender :: Male age :: 31 grade :: 2
</message>
</record>
<record>
  <date>2018-06-27T11:23:34</date>
  <millis>1530087814893</millis>
  <sequence>73</sequence>
  <logger>LookupDataLoader</logger>
  <level>INFO</level>
  <class>lookup.LookupDataLoader</class>
  <method>readDownloadedCsv</method>
  <thread>1</thread>
  <message> firstName Stuart lastName :: Dennis unit :: Programming course :: Computer Science gender :: Other age :: 22 grade :: 6
</message>
</record>
<record>
  <date>2018-06-27T11:23:34</date>
  <millis>1530087814894</millis>
  <sequence>74</sequence>
  <logger>LookupDataLoader</logger>
  <level>INFO</level>
  <class>lookup.LookupDataLoader</class>
  <method>readDownloadedCsv</method>
  <thread>1</thread>
  <message> firstName Darryl lastName :: Marshall unit :: Programming course :: Computer Science gender :: Female age :: 26 grade :: 3
</message>
</record>
<record>
  <date>2018-06-27T11:23:34</date>
  <millis>1530087814894</millis>
  <sequence>75</sequence>
  <logger>LookupDataLoader</logger>
  <level>INFO</level>
  <class>lookup.LookupDataLoader</class>
  <method>readDownloadedCsv</method>
  <thread>1</thread>
  <message> firstName Chloe lastName :: Dalton unit :: Programming course :: Computer Science gender :: Female age :: 29 grade :: 5
</message>
</record>
</log>
